<?xml version="1.0" encoding="utf-8"?>
<CoverageSession>
  <Summary numSequencePoints="159" visitedSequencePoints="47" numBranchPoints="34" visitedBranchPoints="0" sequenceCoverage="29.55" branchCoverage="0" maxCyclomaticComplexity="40" minCyclomaticComplexity="40" visitedClasses="1" numClasses="2" visitedMethods="2" numMethods="13" />
  <Modules>
    <Module hash="F7F10743-F548-4CA8-948F-A4C22B86851E">
      <ModulePath>Coree.ProxyAutoConfiguration.Library.dll</ModulePath>
      <ModuleTime>2024-01-17T04:45:11</ModuleTime>
      <ModuleName>Coree.ProxyAutoConfiguration.Library</ModuleName>
      <Files>
        <File uid="1" fullPath="C:\Users\Valgrind\source\VCS\github.com\carsten-riedel\Coree.ProxyAutoConfiguration.Library\src\Coree.ProxyAutoConfiguration.Library\Class1.cs" />
        <File uid="2" fullPath="C:\Users\Valgrind\source\VCS\github.com\carsten-riedel\Coree.ProxyAutoConfiguration.Library\src\Coree.ProxyAutoConfiguration.Library\ProxyAutoConfiguration.cs" />
      </Files>
      <Classes>
        <Class>
          <Summary numSequencePoints="47" visitedSequencePoints="47" numBranchPoints="0" visitedBranchPoints="0" sequenceCoverage="100" branchCoverage="100" maxCyclomaticComplexity="1" minCyclomaticComplexity="1" visitedClasses="1" numClasses="1" visitedMethods="2" numMethods="2" />
          <FullName>Coree.ProxyAutoConfiguration.Library.Class1</FullName>
          <Methods>
            <Method cyclomaticComplexity="1" nPathComplexity="1" sequenceCoverage="100" branchCoverage="100" isConstructor="False" isGetter="False" isSetter="False" isStatic="True">
              <Summary numSequencePoints="4" visitedSequencePoints="4" numBranchPoints="0" visitedBranchPoints="0" sequenceCoverage="100" branchCoverage="100" maxCyclomaticComplexity="1" minCyclomaticComplexity="1" visitedClasses="0" numClasses="0" visitedMethods="1" numMethods="1" />
              <MetadataToken />
              <Name>System.String Coree.ProxyAutoConfiguration.Library.Class1::Foo()</Name>
              <FileRef uid="1" />
              <SequencePoints>
                <SequencePoint vc="1" uspid="73" ordinal="0" sl="73" sc="1" el="73" ec="2" bec="0" bev="0" fileid="1" />
                <SequencePoint vc="1" uspid="74" ordinal="1" sl="74" sc="1" el="74" ec="2" bec="0" bev="0" fileid="1" />
                <SequencePoint vc="1" uspid="75" ordinal="2" sl="75" sc="1" el="75" ec="2" bec="0" bev="0" fileid="1" />
                <SequencePoint vc="1" uspid="76" ordinal="3" sl="76" sc="1" el="76" ec="2" bec="0" bev="0" fileid="1" />
              </SequencePoints>
              <BranchPoints />
              <MethodPoint vc="4" uspid="0" p8:type="SequencePoint" ordinal="0" offset="0" sc="0" sl="73" ec="1" el="76" bec="0" bev="0" fileid="1" xmlns:p8="xsi" />
            </Method>
            <Method cyclomaticComplexity="1" nPathComplexity="1" sequenceCoverage="100" branchCoverage="100" isConstructor="True" isGetter="False" isSetter="False" isStatic="True">
              <Summary numSequencePoints="43" visitedSequencePoints="43" numBranchPoints="0" visitedBranchPoints="0" sequenceCoverage="100" branchCoverage="100" maxCyclomaticComplexity="1" minCyclomaticComplexity="1" visitedClasses="0" numClasses="0" visitedMethods="1" numMethods="1" />
              <MetadataToken />
              <Name>System.Void Coree.ProxyAutoConfiguration.Library.Class1::.cctor()</Name>
              <FileRef uid="1" />
              <SequencePoints>
                <SequencePoint vc="1" uspid="18" ordinal="0" sl="18" sc="1" el="18" ec="2" bec="0" bev="0" fileid="1" />
                <SequencePoint vc="1" uspid="22" ordinal="1" sl="22" sc="1" el="22" ec="2" bec="0" bev="0" fileid="1" />
                <SequencePoint vc="1" uspid="23" ordinal="2" sl="23" sc="1" el="23" ec="2" bec="0" bev="0" fileid="1" />
                <SequencePoint vc="1" uspid="24" ordinal="3" sl="24" sc="1" el="24" ec="2" bec="0" bev="0" fileid="1" />
                <SequencePoint vc="1" uspid="25" ordinal="4" sl="25" sc="1" el="25" ec="2" bec="0" bev="0" fileid="1" />
                <SequencePoint vc="1" uspid="26" ordinal="5" sl="26" sc="1" el="26" ec="2" bec="0" bev="0" fileid="1" />
                <SequencePoint vc="1" uspid="27" ordinal="6" sl="27" sc="1" el="27" ec="2" bec="0" bev="0" fileid="1" />
                <SequencePoint vc="1" uspid="28" ordinal="7" sl="28" sc="1" el="28" ec="2" bec="0" bev="0" fileid="1" />
                <SequencePoint vc="1" uspid="29" ordinal="8" sl="29" sc="1" el="29" ec="2" bec="0" bev="0" fileid="1" />
                <SequencePoint vc="1" uspid="30" ordinal="9" sl="30" sc="1" el="30" ec="2" bec="0" bev="0" fileid="1" />
                <SequencePoint vc="1" uspid="31" ordinal="10" sl="31" sc="1" el="31" ec="2" bec="0" bev="0" fileid="1" />
                <SequencePoint vc="1" uspid="32" ordinal="11" sl="32" sc="1" el="32" ec="2" bec="0" bev="0" fileid="1" />
                <SequencePoint vc="1" uspid="33" ordinal="12" sl="33" sc="1" el="33" ec="2" bec="0" bev="0" fileid="1" />
                <SequencePoint vc="1" uspid="34" ordinal="13" sl="34" sc="1" el="34" ec="2" bec="0" bev="0" fileid="1" />
                <SequencePoint vc="1" uspid="35" ordinal="14" sl="35" sc="1" el="35" ec="2" bec="0" bev="0" fileid="1" />
                <SequencePoint vc="1" uspid="36" ordinal="15" sl="36" sc="1" el="36" ec="2" bec="0" bev="0" fileid="1" />
                <SequencePoint vc="1" uspid="37" ordinal="16" sl="37" sc="1" el="37" ec="2" bec="0" bev="0" fileid="1" />
                <SequencePoint vc="1" uspid="38" ordinal="17" sl="38" sc="1" el="38" ec="2" bec="0" bev="0" fileid="1" />
                <SequencePoint vc="1" uspid="39" ordinal="18" sl="39" sc="1" el="39" ec="2" bec="0" bev="0" fileid="1" />
                <SequencePoint vc="1" uspid="40" ordinal="19" sl="40" sc="1" el="40" ec="2" bec="0" bev="0" fileid="1" />
                <SequencePoint vc="1" uspid="41" ordinal="20" sl="41" sc="1" el="41" ec="2" bec="0" bev="0" fileid="1" />
                <SequencePoint vc="1" uspid="42" ordinal="21" sl="42" sc="1" el="42" ec="2" bec="0" bev="0" fileid="1" />
                <SequencePoint vc="1" uspid="43" ordinal="22" sl="43" sc="1" el="43" ec="2" bec="0" bev="0" fileid="1" />
                <SequencePoint vc="1" uspid="44" ordinal="23" sl="44" sc="1" el="44" ec="2" bec="0" bev="0" fileid="1" />
                <SequencePoint vc="1" uspid="45" ordinal="24" sl="45" sc="1" el="45" ec="2" bec="0" bev="0" fileid="1" />
                <SequencePoint vc="1" uspid="46" ordinal="25" sl="46" sc="1" el="46" ec="2" bec="0" bev="0" fileid="1" />
                <SequencePoint vc="1" uspid="47" ordinal="26" sl="47" sc="1" el="47" ec="2" bec="0" bev="0" fileid="1" />
                <SequencePoint vc="1" uspid="48" ordinal="27" sl="48" sc="1" el="48" ec="2" bec="0" bev="0" fileid="1" />
                <SequencePoint vc="1" uspid="49" ordinal="28" sl="49" sc="1" el="49" ec="2" bec="0" bev="0" fileid="1" />
                <SequencePoint vc="1" uspid="50" ordinal="29" sl="50" sc="1" el="50" ec="2" bec="0" bev="0" fileid="1" />
                <SequencePoint vc="1" uspid="51" ordinal="30" sl="51" sc="1" el="51" ec="2" bec="0" bev="0" fileid="1" />
                <SequencePoint vc="1" uspid="52" ordinal="31" sl="52" sc="1" el="52" ec="2" bec="0" bev="0" fileid="1" />
                <SequencePoint vc="1" uspid="53" ordinal="32" sl="53" sc="1" el="53" ec="2" bec="0" bev="0" fileid="1" />
                <SequencePoint vc="1" uspid="54" ordinal="33" sl="54" sc="1" el="54" ec="2" bec="0" bev="0" fileid="1" />
                <SequencePoint vc="1" uspid="55" ordinal="34" sl="55" sc="1" el="55" ec="2" bec="0" bev="0" fileid="1" />
                <SequencePoint vc="1" uspid="56" ordinal="35" sl="56" sc="1" el="56" ec="2" bec="0" bev="0" fileid="1" />
                <SequencePoint vc="1" uspid="57" ordinal="36" sl="57" sc="1" el="57" ec="2" bec="0" bev="0" fileid="1" />
                <SequencePoint vc="1" uspid="58" ordinal="37" sl="58" sc="1" el="58" ec="2" bec="0" bev="0" fileid="1" />
                <SequencePoint vc="1" uspid="59" ordinal="38" sl="59" sc="1" el="59" ec="2" bec="0" bev="0" fileid="1" />
                <SequencePoint vc="1" uspid="60" ordinal="39" sl="60" sc="1" el="60" ec="2" bec="0" bev="0" fileid="1" />
                <SequencePoint vc="1" uspid="61" ordinal="40" sl="61" sc="1" el="61" ec="2" bec="0" bev="0" fileid="1" />
                <SequencePoint vc="2" uspid="62" ordinal="41" sl="62" sc="1" el="62" ec="2" bec="0" bev="0" fileid="1" />
                <SequencePoint vc="2" uspid="63" ordinal="42" sl="63" sc="1" el="63" ec="2" bec="0" bev="0" fileid="1" />
              </SequencePoints>
              <BranchPoints />
              <MethodPoint vc="43" uspid="0" p8:type="SequencePoint" ordinal="1" offset="1" sc="0" sl="18" ec="1" el="63" bec="0" bev="0" fileid="1" xmlns:p8="xsi" />
            </Method>
          </Methods>
        </Class>
        <Class>
          <Summary numSequencePoints="112" visitedSequencePoints="0" numBranchPoints="34" visitedBranchPoints="0" sequenceCoverage="0" branchCoverage="0" maxCyclomaticComplexity="8" minCyclomaticComplexity="1" visitedClasses="0" numClasses="1" visitedMethods="0" numMethods="11" />
          <FullName>Coree.ProxyAutoConfiguration.Library.ProxyAutoConfiguration</FullName>
          <Methods>
            <Method cyclomaticComplexity="6" nPathComplexity="6" sequenceCoverage="0" branchCoverage="0" isConstructor="False" isGetter="False" isSetter="False" isStatic="True">
              <Summary numSequencePoints="18" visitedSequencePoints="0" numBranchPoints="6" visitedBranchPoints="0" sequenceCoverage="0" branchCoverage="0" maxCyclomaticComplexity="6" minCyclomaticComplexity="6" visitedClasses="0" numClasses="0" visitedMethods="0" numMethods="1" />
              <MetadataToken />
              <Name>System.String Coree.ProxyAutoConfiguration.Library.ProxyAutoConfiguration::GetPacUrlFromRegistry()</Name>
              <FileRef uid="2" />
              <SequencePoints>
                <SequencePoint vc="0" uspid="315" ordinal="0" sl="315" sc="1" el="315" ec="2" bec="0" bev="0" fileid="2" />
                <SequencePoint vc="0" uspid="316" ordinal="1" sl="316" sc="1" el="316" ec="2" bec="2" bev="0" fileid="2" />
                <SequencePoint vc="0" uspid="317" ordinal="2" sl="317" sc="1" el="317" ec="2" bec="0" bev="0" fileid="2" />
                <SequencePoint vc="0" uspid="318" ordinal="3" sl="318" sc="1" el="318" ec="2" bec="0" bev="0" fileid="2" />
                <SequencePoint vc="0" uspid="319" ordinal="4" sl="319" sc="1" el="319" ec="2" bec="0" bev="0" fileid="2" />
                <SequencePoint vc="0" uspid="320" ordinal="5" sl="320" sc="1" el="320" ec="2" bec="0" bev="0" fileid="2" />
                <SequencePoint vc="0" uspid="321" ordinal="6" sl="321" sc="1" el="321" ec="2" bec="2" bev="0" fileid="2" />
                <SequencePoint vc="0" uspid="322" ordinal="7" sl="322" sc="1" el="322" ec="2" bec="0" bev="0" fileid="2" />
                <SequencePoint vc="0" uspid="323" ordinal="8" sl="323" sc="1" el="323" ec="2" bec="0" bev="0" fileid="2" />
                <SequencePoint vc="0" uspid="324" ordinal="9" sl="324" sc="1" el="324" ec="2" bec="2" bev="0" fileid="2" />
                <SequencePoint vc="0" uspid="325" ordinal="10" sl="325" sc="1" el="325" ec="2" bec="0" bev="0" fileid="2" />
                <SequencePoint vc="0" uspid="326" ordinal="11" sl="326" sc="1" el="326" ec="2" bec="0" bev="0" fileid="2" />
                <SequencePoint vc="0" uspid="328" ordinal="12" sl="328" sc="1" el="328" ec="2" bec="0" bev="0" fileid="2" />
                <SequencePoint vc="0" uspid="329" ordinal="13" sl="329" sc="1" el="329" ec="2" bec="0" bev="0" fileid="2" />
                <SequencePoint vc="0" uspid="330" ordinal="14" sl="330" sc="1" el="330" ec="2" bec="0" bev="0" fileid="2" />
                <SequencePoint vc="0" uspid="333" ordinal="15" sl="333" sc="1" el="333" ec="2" bec="0" bev="0" fileid="2" />
                <SequencePoint vc="0" uspid="334" ordinal="16" sl="334" sc="1" el="334" ec="2" bec="0" bev="0" fileid="2" />
                <SequencePoint vc="0" uspid="336" ordinal="17" sl="336" sc="1" el="336" ec="2" bec="0" bev="0" fileid="2" />
              </SequencePoints>
              <BranchPoints>
                <BranchPoint vc="0" uspid="316" ordinal="0" path="0" offset="13" offsetend="15" sl="316" fileid="2" />
                <BranchPoint vc="0" uspid="321" ordinal="2" path="0" offset="41" offsetend="43" sl="321" fileid="2" />
                <BranchPoint vc="0" uspid="324" ordinal="4" path="0" offset="66" offsetend="68" sl="324" fileid="2" />
                <BranchPoint vc="0" uspid="324" ordinal="5" path="1" offset="66" offsetend="80" sl="324" fileid="2" />
                <BranchPoint vc="0" uspid="321" ordinal="3" path="1" offset="41" offsetend="81" sl="321" fileid="2" />
                <BranchPoint vc="0" uspid="316" ordinal="1" path="1" offset="13" offsetend="100" sl="316" fileid="2" />
              </BranchPoints>
              <MethodPoint vc="0" uspid="0" p8:type="SequencePoint" ordinal="0" offset="0" sc="0" sl="315" ec="1" el="336" bec="0" bev="0" fileid="2" xmlns:p8="xsi" />
            </Method>
            <Method cyclomaticComplexity="2" nPathComplexity="2" sequenceCoverage="0" branchCoverage="0" isConstructor="False" isGetter="False" isSetter="False" isStatic="True">
              <Summary numSequencePoints="15" visitedSequencePoints="0" numBranchPoints="2" visitedBranchPoints="0" sequenceCoverage="0" branchCoverage="0" maxCyclomaticComplexity="2" minCyclomaticComplexity="2" visitedClasses="0" numClasses="0" visitedMethods="0" numMethods="1" />
              <MetadataToken />
              <Name>System.String Coree.ProxyAutoConfiguration.Library.ProxyAutoConfiguration::ReadPacFileSync(System.String)</Name>
              <FileRef uid="2" />
              <SequencePoints>
                <SequencePoint vc="0" uspid="339" ordinal="0" sl="339" sc="1" el="339" ec="2" bec="0" bev="0" fileid="2" />
                <SequencePoint vc="0" uspid="340" ordinal="1" sl="340" sc="1" el="340" ec="2" bec="2" bev="0" fileid="2" />
                <SequencePoint vc="0" uspid="341" ordinal="2" sl="341" sc="1" el="341" ec="2" bec="0" bev="0" fileid="2" />
                <SequencePoint vc="0" uspid="342" ordinal="3" sl="342" sc="1" el="342" ec="2" bec="0" bev="0" fileid="2" />
                <SequencePoint vc="0" uspid="343" ordinal="4" sl="343" sc="1" el="343" ec="2" bec="0" bev="0" fileid="2" />
                <SequencePoint vc="0" uspid="345" ordinal="5" sl="345" sc="1" el="345" ec="2" bec="0" bev="0" fileid="2" />
                <SequencePoint vc="0" uspid="346" ordinal="6" sl="346" sc="1" el="346" ec="2" bec="0" bev="0" fileid="2" />
                <SequencePoint vc="0" uspid="347" ordinal="7" sl="347" sc="1" el="347" ec="2" bec="0" bev="0" fileid="2" />
                <SequencePoint vc="0" uspid="348" ordinal="8" sl="348" sc="1" el="348" ec="2" bec="0" bev="0" fileid="2" />
                <SequencePoint vc="0" uspid="350" ordinal="9" sl="350" sc="1" el="350" ec="2" bec="0" bev="0" fileid="2" />
                <SequencePoint vc="0" uspid="351" ordinal="10" sl="351" sc="1" el="351" ec="2" bec="0" bev="0" fileid="2" />
                <SequencePoint vc="0" uspid="353" ordinal="11" sl="353" sc="1" el="353" ec="2" bec="0" bev="0" fileid="2" />
                <SequencePoint vc="0" uspid="358" ordinal="12" sl="358" sc="1" el="358" ec="2" bec="0" bev="0" fileid="2" />
                <SequencePoint vc="0" uspid="359" ordinal="13" sl="359" sc="1" el="359" ec="2" bec="0" bev="0" fileid="2" />
                <SequencePoint vc="0" uspid="361" ordinal="14" sl="361" sc="1" el="361" ec="2" bec="0" bev="0" fileid="2" />
              </SequencePoints>
              <BranchPoints>
                <BranchPoint vc="0" uspid="340" ordinal="0" path="0" offset="7" offsetend="9" sl="340" fileid="2" />
                <BranchPoint vc="0" uspid="340" ordinal="1" path="1" offset="7" offsetend="74" sl="340" fileid="2" />
              </BranchPoints>
              <MethodPoint vc="0" uspid="0" p8:type="SequencePoint" ordinal="1" offset="1" sc="0" sl="339" ec="1" el="361" bec="0" bev="0" fileid="2" xmlns:p8="xsi" />
            </Method>
            <Method cyclomaticComplexity="6" nPathComplexity="6" sequenceCoverage="0" branchCoverage="0" isConstructor="False" isGetter="False" isSetter="False" isStatic="True">
              <Summary numSequencePoints="18" visitedSequencePoints="0" numBranchPoints="6" visitedBranchPoints="0" sequenceCoverage="0" branchCoverage="0" maxCyclomaticComplexity="6" minCyclomaticComplexity="6" visitedClasses="0" numClasses="0" visitedMethods="0" numMethods="1" />
              <MetadataToken />
              <Name>System.String Coree.ProxyAutoConfiguration.Library.ProxyAutoConfiguration::JintInvokeScriptFunctionFindProxyForURL(System.String,System.String)</Name>
              <FileRef uid="2" />
              <SequencePoints>
                <SequencePoint vc="0" uspid="364" ordinal="0" sl="364" sc="1" el="364" ec="2" bec="0" bev="0" fileid="2" />
                <SequencePoint vc="0" uspid="366" ordinal="1" sl="366" sc="1" el="366" ec="2" bec="2" bev="0" fileid="2" />
                <SequencePoint vc="0" uspid="367" ordinal="2" sl="367" sc="1" el="367" ec="2" bec="0" bev="0" fileid="2" />
                <SequencePoint vc="0" uspid="368" ordinal="3" sl="368" sc="1" el="368" ec="2" bec="0" bev="0" fileid="2" />
                <SequencePoint vc="0" uspid="370" ordinal="4" sl="370" sc="1" el="370" ec="2" bec="0" bev="0" fileid="2" />
                <SequencePoint vc="0" uspid="371" ordinal="5" sl="371" sc="1" el="371" ec="2" bec="0" bev="0" fileid="2" />
                <SequencePoint vc="0" uspid="373" ordinal="6" sl="373" sc="1" el="373" ec="2" bec="0" bev="0" fileid="2" />
                <SequencePoint vc="0" uspid="375" ordinal="7" sl="375" sc="1" el="375" ec="2" bec="2" bev="0" fileid="2" />
                <SequencePoint vc="0" uspid="376" ordinal="8" sl="376" sc="1" el="376" ec="2" bec="0" bev="0" fileid="2" />
                <SequencePoint vc="0" uspid="377" ordinal="9" sl="377" sc="1" el="377" ec="2" bec="0" bev="0" fileid="2" />
                <SequencePoint vc="0" uspid="378" ordinal="10" sl="378" sc="1" el="378" ec="2" bec="0" bev="0" fileid="2" />
                <SequencePoint vc="0" uspid="380" ordinal="11" sl="380" sc="1" el="380" ec="2" bec="0" bev="0" fileid="2" />
                <SequencePoint vc="0" uspid="382" ordinal="12" sl="382" sc="1" el="382" ec="2" bec="2" bev="0" fileid="2" />
                <SequencePoint vc="0" uspid="383" ordinal="13" sl="383" sc="1" el="383" ec="2" bec="0" bev="0" fileid="2" />
                <SequencePoint vc="0" uspid="384" ordinal="14" sl="384" sc="1" el="384" ec="2" bec="0" bev="0" fileid="2" />
                <SequencePoint vc="0" uspid="386" ordinal="15" sl="386" sc="1" el="386" ec="2" bec="0" bev="0" fileid="2" />
                <SequencePoint vc="0" uspid="388" ordinal="16" sl="388" sc="1" el="388" ec="2" bec="0" bev="0" fileid="2" />
                <SequencePoint vc="0" uspid="389" ordinal="17" sl="389" sc="1" el="389" ec="2" bec="0" bev="0" fileid="2" />
              </SequencePoints>
              <BranchPoints>
                <BranchPoint vc="0" uspid="366" ordinal="0" path="0" offset="7" offsetend="9" sl="366" fileid="2" />
                <BranchPoint vc="0" uspid="366" ordinal="1" path="1" offset="7" offsetend="17" sl="366" fileid="2" />
                <BranchPoint vc="0" uspid="375" ordinal="2" path="0" offset="56" offsetend="58" sl="375" fileid="2" />
                <BranchPoint vc="0" uspid="382" ordinal="4" path="0" offset="128" offsetend="130" sl="382" fileid="2" />
                <BranchPoint vc="0" uspid="382" ordinal="5" path="1" offset="128" offsetend="141" sl="382" fileid="2" />
                <BranchPoint vc="0" uspid="375" ordinal="3" path="1" offset="56" offsetend="142" sl="375" fileid="2" />
              </BranchPoints>
              <MethodPoint vc="0" uspid="0" p8:type="SequencePoint" ordinal="2" offset="2" sc="0" sl="364" ec="1" el="389" bec="0" bev="0" fileid="2" xmlns:p8="xsi" />
            </Method>
            <Method cyclomaticComplexity="8" nPathComplexity="8" sequenceCoverage="0" branchCoverage="0" isConstructor="False" isGetter="False" isSetter="False" isStatic="True">
              <Summary numSequencePoints="20" visitedSequencePoints="0" numBranchPoints="8" visitedBranchPoints="0" sequenceCoverage="0" branchCoverage="0" maxCyclomaticComplexity="8" minCyclomaticComplexity="8" visitedClasses="0" numClasses="0" visitedMethods="0" numMethods="1" />
              <MetadataToken />
              <Name>System.Collections.Generic.List`1&lt;System.String&gt; Coree.ProxyAutoConfiguration.Library.ProxyAutoConfiguration::ParseProxyStrings(System.String)</Name>
              <FileRef uid="2" />
              <SequencePoints>
                <SequencePoint vc="0" uspid="393" ordinal="0" sl="393" sc="1" el="393" ec="2" bec="0" bev="0" fileid="2" />
                <SequencePoint vc="0" uspid="394" ordinal="1" sl="394" sc="1" el="394" ec="2" bec="2" bev="0" fileid="2" />
                <SequencePoint vc="0" uspid="395" ordinal="2" sl="395" sc="1" el="395" ec="2" bec="0" bev="0" fileid="2" />
                <SequencePoint vc="0" uspid="396" ordinal="3" sl="396" sc="1" el="396" ec="2" bec="0" bev="0" fileid="2" />
                <SequencePoint vc="0" uspid="399" ordinal="4" sl="399" sc="1" el="399" ec="2" bec="0" bev="0" fileid="2" />
                <SequencePoint vc="0" uspid="400" ordinal="5" sl="400" sc="1" el="400" ec="2" bec="0" bev="0" fileid="2" />
                <SequencePoint vc="0" uspid="402" ordinal="6" sl="402" sc="1" el="402" ec="2" bec="2" bev="0" fileid="2" />
                <SequencePoint vc="0" uspid="403" ordinal="7" sl="403" sc="1" el="403" ec="2" bec="0" bev="0" fileid="2" />
                <SequencePoint vc="0" uspid="404" ordinal="8" sl="404" sc="1" el="404" ec="2" bec="0" bev="0" fileid="2" />
                <SequencePoint vc="0" uspid="405" ordinal="9" sl="405" sc="1" el="405" ec="2" bec="2" bev="0" fileid="2" />
                <SequencePoint vc="0" uspid="406" ordinal="10" sl="406" sc="1" el="406" ec="2" bec="0" bev="0" fileid="2" />
                <SequencePoint vc="0" uspid="407" ordinal="11" sl="407" sc="1" el="407" ec="2" bec="0" bev="0" fileid="2" />
                <SequencePoint vc="0" uspid="408" ordinal="12" sl="408" sc="1" el="408" ec="2" bec="0" bev="0" fileid="2" />
                <SequencePoint vc="0" uspid="409" ordinal="13" sl="409" sc="1" el="409" ec="2" bec="2" bev="0" fileid="2" />
                <SequencePoint vc="0" uspid="410" ordinal="14" sl="410" sc="1" el="410" ec="2" bec="0" bev="0" fileid="2" />
                <SequencePoint vc="0" uspid="411" ordinal="15" sl="411" sc="1" el="411" ec="2" bec="0" bev="0" fileid="2" />
                <SequencePoint vc="0" uspid="412" ordinal="16" sl="412" sc="1" el="412" ec="2" bec="0" bev="0" fileid="2" />
                <SequencePoint vc="0" uspid="413" ordinal="17" sl="413" sc="1" el="413" ec="2" bec="0" bev="0" fileid="2" />
                <SequencePoint vc="0" uspid="415" ordinal="18" sl="415" sc="1" el="415" ec="2" bec="0" bev="0" fileid="2" />
                <SequencePoint vc="0" uspid="416" ordinal="19" sl="416" sc="1" el="416" ec="2" bec="0" bev="0" fileid="2" />
              </SequencePoints>
              <BranchPoints>
                <BranchPoint vc="0" uspid="394" ordinal="0" path="0" offset="7" offsetend="9" sl="394" fileid="2" />
                <BranchPoint vc="0" uspid="394" ordinal="1" path="1" offset="7" offsetend="21" sl="394" fileid="2" />
                <BranchPoint vc="0" uspid="402" ordinal="7" path="1" offset="151" offsetend="46" sl="402" fileid="2" />
                <BranchPoint vc="0" uspid="405" ordinal="2" path="0" offset="79" offsetend="81" sl="405" fileid="2" />
                <BranchPoint vc="0" uspid="405" ordinal="3" path="1" offset="79" offsetend="105" sl="405" fileid="2" />
                <BranchPoint vc="0" uspid="409" ordinal="4" path="0" offset="122" offsetend="124" sl="409" fileid="2" />
                <BranchPoint vc="0" uspid="409" ordinal="5" path="1" offset="122" offsetend="138" sl="409" fileid="2" />
                <BranchPoint vc="0" uspid="402" ordinal="6" path="0" offset="151" offsetend="153" sl="402" fileid="2" />
              </BranchPoints>
              <MethodPoint vc="0" uspid="0" p8:type="SequencePoint" ordinal="3" offset="3" sc="0" sl="393" ec="1" el="416" bec="0" bev="0" fileid="2" xmlns:p8="xsi" />
            </Method>
            <Method cyclomaticComplexity="1" nPathComplexity="1" sequenceCoverage="0" branchCoverage="100" isConstructor="False" isGetter="True" isSetter="False" isStatic="True">
              <Summary numSequencePoints="1" visitedSequencePoints="0" numBranchPoints="0" visitedBranchPoints="0" sequenceCoverage="0" branchCoverage="100" maxCyclomaticComplexity="1" minCyclomaticComplexity="1" visitedClasses="0" numClasses="0" visitedMethods="0" numMethods="1" />
              <MetadataToken />
              <Name>System.String Coree.ProxyAutoConfiguration.Library.ProxyAutoConfiguration::get_AutoConfigURL()</Name>
              <FileRef uid="2" />
              <SequencePoints>
                <SequencePoint vc="0" uspid="418" ordinal="0" sl="418" sc="1" el="418" ec="2" bec="0" bev="0" fileid="2" />
              </SequencePoints>
              <BranchPoints />
              <MethodPoint vc="0" uspid="0" p8:type="SequencePoint" ordinal="4" offset="4" sc="0" sl="418" ec="1" el="418" bec="0" bev="0" fileid="2" xmlns:p8="xsi" />
            </Method>
            <Method cyclomaticComplexity="1" nPathComplexity="1" sequenceCoverage="0" branchCoverage="100" isConstructor="False" isGetter="True" isSetter="False" isStatic="True">
              <Summary numSequencePoints="1" visitedSequencePoints="0" numBranchPoints="0" visitedBranchPoints="0" sequenceCoverage="0" branchCoverage="100" maxCyclomaticComplexity="1" minCyclomaticComplexity="1" visitedClasses="0" numClasses="0" visitedMethods="0" numMethods="1" />
              <MetadataToken />
              <Name>System.String Coree.ProxyAutoConfiguration.Library.ProxyAutoConfiguration::get_PacFileContent()</Name>
              <FileRef uid="2" />
              <SequencePoints>
                <SequencePoint vc="0" uspid="419" ordinal="0" sl="419" sc="1" el="419" ec="2" bec="0" bev="0" fileid="2" />
              </SequencePoints>
              <BranchPoints />
              <MethodPoint vc="0" uspid="0" p8:type="SequencePoint" ordinal="5" offset="5" sc="0" sl="419" ec="1" el="419" bec="0" bev="0" fileid="2" xmlns:p8="xsi" />
            </Method>
            <Method cyclomaticComplexity="1" nPathComplexity="1" sequenceCoverage="0" branchCoverage="100" isConstructor="False" isGetter="True" isSetter="False" isStatic="True">
              <Summary numSequencePoints="1" visitedSequencePoints="0" numBranchPoints="0" visitedBranchPoints="0" sequenceCoverage="0" branchCoverage="100" maxCyclomaticComplexity="1" minCyclomaticComplexity="1" visitedClasses="0" numClasses="0" visitedMethods="0" numMethods="1" />
              <MetadataToken />
              <Name>System.String Coree.ProxyAutoConfiguration.Library.ProxyAutoConfiguration::get_FindProxyForURLResult()</Name>
              <FileRef uid="2" />
              <SequencePoints>
                <SequencePoint vc="0" uspid="420" ordinal="0" sl="420" sc="1" el="420" ec="2" bec="0" bev="0" fileid="2" />
              </SequencePoints>
              <BranchPoints />
              <MethodPoint vc="0" uspid="0" p8:type="SequencePoint" ordinal="6" offset="6" sc="0" sl="420" ec="1" el="420" bec="0" bev="0" fileid="2" xmlns:p8="xsi" />
            </Method>
            <Method cyclomaticComplexity="1" nPathComplexity="1" sequenceCoverage="0" branchCoverage="100" isConstructor="False" isGetter="True" isSetter="False" isStatic="True">
              <Summary numSequencePoints="1" visitedSequencePoints="0" numBranchPoints="0" visitedBranchPoints="0" sequenceCoverage="0" branchCoverage="100" maxCyclomaticComplexity="1" minCyclomaticComplexity="1" visitedClasses="0" numClasses="0" visitedMethods="0" numMethods="1" />
              <MetadataToken />
              <Name>System.String Coree.ProxyAutoConfiguration.Library.ProxyAutoConfiguration::get_FullJavaScript()</Name>
              <FileRef uid="2" />
              <SequencePoints>
                <SequencePoint vc="0" uspid="421" ordinal="0" sl="421" sc="1" el="421" ec="2" bec="0" bev="0" fileid="2" />
              </SequencePoints>
              <BranchPoints />
              <MethodPoint vc="0" uspid="0" p8:type="SequencePoint" ordinal="7" offset="7" sc="0" sl="421" ec="1" el="421" bec="0" bev="0" fileid="2" xmlns:p8="xsi" />
            </Method>
            <Method cyclomaticComplexity="2" nPathComplexity="2" sequenceCoverage="0" branchCoverage="0" isConstructor="False" isGetter="False" isSetter="False" isStatic="True">
              <Summary numSequencePoints="9" visitedSequencePoints="0" numBranchPoints="2" visitedBranchPoints="0" sequenceCoverage="0" branchCoverage="0" maxCyclomaticComplexity="2" minCyclomaticComplexity="2" visitedClasses="0" numClasses="0" visitedMethods="0" numMethods="1" />
              <MetadataToken />
              <Name>System.String Coree.ProxyAutoConfiguration.Library.ProxyAutoConfiguration::Resolve(System.String)</Name>
              <FileRef uid="2" />
              <SequencePoints>
                <SequencePoint vc="0" uspid="451" ordinal="0" sl="451" sc="1" el="451" ec="2" bec="0" bev="0" fileid="2" />
                <SequencePoint vc="0" uspid="453" ordinal="1" sl="453" sc="1" el="453" ec="2" bec="0" bev="0" fileid="2" />
                <SequencePoint vc="0" uspid="455" ordinal="2" sl="455" sc="1" el="455" ec="2" bec="0" bev="0" fileid="2" />
                <SequencePoint vc="0" uspid="457" ordinal="3" sl="457" sc="1" el="457" ec="2" bec="2" bev="0" fileid="2" />
                <SequencePoint vc="0" uspid="458" ordinal="4" sl="458" sc="1" el="458" ec="2" bec="0" bev="0" fileid="2" />
                <SequencePoint vc="0" uspid="459" ordinal="5" sl="459" sc="1" el="459" ec="2" bec="0" bev="0" fileid="2" />
                <SequencePoint vc="0" uspid="462" ordinal="6" sl="462" sc="1" el="462" ec="2" bec="0" bev="0" fileid="2" />
                <SequencePoint vc="0" uspid="463" ordinal="7" sl="463" sc="1" el="463" ec="2" bec="0" bev="0" fileid="2" />
                <SequencePoint vc="0" uspid="465" ordinal="8" sl="465" sc="1" el="465" ec="2" bec="0" bev="0" fileid="2" />
              </SequencePoints>
              <BranchPoints>
                <BranchPoint vc="0" uspid="457" ordinal="0" path="0" offset="42" offsetend="44" sl="457" fileid="2" />
                <BranchPoint vc="0" uspid="457" ordinal="1" path="1" offset="42" offsetend="54" sl="457" fileid="2" />
              </BranchPoints>
              <MethodPoint vc="0" uspid="0" p8:type="SequencePoint" ordinal="8" offset="8" sc="0" sl="451" ec="1" el="465" bec="0" bev="0" fileid="2" xmlns:p8="xsi" />
            </Method>
            <Method cyclomaticComplexity="2" nPathComplexity="2" sequenceCoverage="0" branchCoverage="0" isConstructor="False" isGetter="False" isSetter="False" isStatic="True">
              <Summary numSequencePoints="8" visitedSequencePoints="0" numBranchPoints="2" visitedBranchPoints="0" sequenceCoverage="0" branchCoverage="0" maxCyclomaticComplexity="2" minCyclomaticComplexity="2" visitedClasses="0" numClasses="0" visitedMethods="0" numMethods="1" />
              <MetadataToken />
              <Name>System.Void Coree.ProxyAutoConfiguration.Library.ProxyAutoConfiguration::Set(System.String)</Name>
              <FileRef uid="2" />
              <SequencePoints>
                <SequencePoint vc="0" uspid="468" ordinal="0" sl="468" sc="1" el="468" ec="2" bec="0" bev="0" fileid="2" />
                <SequencePoint vc="0" uspid="469" ordinal="1" sl="469" sc="1" el="469" ec="2" bec="0" bev="0" fileid="2" />
                <SequencePoint vc="0" uspid="470" ordinal="2" sl="470" sc="1" el="470" ec="2" bec="2" bev="0" fileid="2" />
                <SequencePoint vc="0" uspid="471" ordinal="3" sl="471" sc="1" el="471" ec="2" bec="0" bev="0" fileid="2" />
                <SequencePoint vc="0" uspid="472" ordinal="4" sl="472" sc="1" el="472" ec="2" bec="0" bev="0" fileid="2" />
                <SequencePoint vc="0" uspid="473" ordinal="5" sl="473" sc="1" el="473" ec="2" bec="0" bev="0" fileid="2" />
                <SequencePoint vc="0" uspid="474" ordinal="6" sl="474" sc="1" el="474" ec="2" bec="0" bev="0" fileid="2" />
                <SequencePoint vc="0" uspid="475" ordinal="7" sl="475" sc="1" el="475" ec="2" bec="0" bev="0" fileid="2" />
              </SequencePoints>
              <BranchPoints>
                <BranchPoint vc="0" uspid="470" ordinal="0" path="0" offset="15" offsetend="17" sl="470" fileid="2" />
                <BranchPoint vc="0" uspid="470" ordinal="1" path="1" offset="15" offsetend="45" sl="470" fileid="2" />
              </BranchPoints>
              <MethodPoint vc="0" uspid="0" p8:type="SequencePoint" ordinal="9" offset="9" sc="0" sl="468" ec="1" el="475" bec="0" bev="0" fileid="2" xmlns:p8="xsi" />
            </Method>
            <Method cyclomaticComplexity="8" nPathComplexity="8" sequenceCoverage="0" branchCoverage="0" isConstructor="True" isGetter="False" isSetter="False" isStatic="True">
              <Summary numSequencePoints="20" visitedSequencePoints="0" numBranchPoints="8" visitedBranchPoints="0" sequenceCoverage="0" branchCoverage="0" maxCyclomaticComplexity="8" minCyclomaticComplexity="8" visitedClasses="0" numClasses="0" visitedMethods="0" numMethods="1" />
              <MetadataToken />
              <Name>System.Void Coree.ProxyAutoConfiguration.Library.ProxyAutoConfiguration::.ctor()</Name>
              <FileRef uid="2" />
              <SequencePoints>
                <SequencePoint vc="0" uspid="423" ordinal="0" sl="423" sc="1" el="423" ec="2" bec="0" bev="0" fileid="2" />
                <SequencePoint vc="0" uspid="424" ordinal="1" sl="424" sc="1" el="424" ec="2" bec="0" bev="0" fileid="2" />
                <SequencePoint vc="0" uspid="425" ordinal="2" sl="425" sc="1" el="425" ec="2" bec="2" bev="0" fileid="2" />
                <SequencePoint vc="0" uspid="426" ordinal="3" sl="426" sc="1" el="426" ec="2" bec="0" bev="0" fileid="2" />
                <SequencePoint vc="0" uspid="427" ordinal="4" sl="427" sc="1" el="427" ec="2" bec="0" bev="0" fileid="2" />
                <SequencePoint vc="0" uspid="429" ordinal="5" sl="429" sc="1" el="429" ec="2" bec="0" bev="0" fileid="2" />
                <SequencePoint vc="0" uspid="430" ordinal="6" sl="430" sc="1" el="430" ec="2" bec="0" bev="0" fileid="2" />
                <SequencePoint vc="0" uspid="432" ordinal="7" sl="432" sc="1" el="432" ec="2" bec="0" bev="0" fileid="2" />
                <SequencePoint vc="0" uspid="434" ordinal="8" sl="434" sc="1" el="434" ec="2" bec="0" bev="0" fileid="2" />
                <SequencePoint vc="0" uspid="436" ordinal="9" sl="436" sc="1" el="436" ec="2" bec="0" bev="0" fileid="2" />
                <SequencePoint vc="0" uspid="438" ordinal="10" sl="438" sc="1" el="438" ec="2" bec="2" bev="0" fileid="2" />
                <SequencePoint vc="0" uspid="439" ordinal="11" sl="439" sc="1" el="439" ec="2" bec="0" bev="0" fileid="2" />
                <SequencePoint vc="0" uspid="440" ordinal="12" sl="440" sc="1" el="440" ec="2" bec="2" bev="0" fileid="2" />
                <SequencePoint vc="0" uspid="441" ordinal="13" sl="441" sc="1" el="441" ec="2" bec="0" bev="0" fileid="2" />
                <SequencePoint vc="0" uspid="443" ordinal="14" sl="443" sc="1" el="443" ec="2" bec="2" bev="0" fileid="2" />
                <SequencePoint vc="0" uspid="444" ordinal="15" sl="444" sc="1" el="444" ec="2" bec="0" bev="0" fileid="2" />
                <SequencePoint vc="0" uspid="445" ordinal="16" sl="445" sc="1" el="445" ec="2" bec="0" bev="0" fileid="2" />
                <SequencePoint vc="0" uspid="446" ordinal="17" sl="446" sc="1" el="446" ec="2" bec="0" bev="0" fileid="2" />
                <SequencePoint vc="0" uspid="447" ordinal="18" sl="447" sc="1" el="447" ec="2" bec="0" bev="0" fileid="2" />
                <SequencePoint vc="0" uspid="448" ordinal="19" sl="448" sc="1" el="448" ec="2" bec="0" bev="0" fileid="2" />
              </SequencePoints>
              <BranchPoints>
                <BranchPoint vc="0" uspid="425" ordinal="0" path="0" offset="23" offsetend="25" sl="425" fileid="2" />
                <BranchPoint vc="0" uspid="425" ordinal="1" path="1" offset="23" offsetend="32" sl="425" fileid="2" />
                <BranchPoint vc="0" uspid="438" ordinal="5" path="1" offset="172" offsetend="139" sl="438" fileid="2" />
                <BranchPoint vc="0" uspid="440" ordinal="2" path="0" offset="150" offsetend="152" sl="440" fileid="2" />
                <BranchPoint vc="0" uspid="440" ordinal="3" path="1" offset="150" offsetend="158" sl="440" fileid="2" />
                <BranchPoint vc="0" uspid="438" ordinal="4" path="0" offset="172" offsetend="174" sl="438" fileid="2" />
                <BranchPoint vc="0" uspid="443" ordinal="6" path="0" offset="201" offsetend="203" sl="443" fileid="2" />
                <BranchPoint vc="0" uspid="443" ordinal="7" path="1" offset="201" offsetend="241" sl="443" fileid="2" />
              </BranchPoints>
              <MethodPoint vc="0" uspid="0" p8:type="SequencePoint" ordinal="10" offset="10" sc="0" sl="423" ec="1" el="448" bec="0" bev="0" fileid="2" xmlns:p8="xsi" />
            </Method>
          </Methods>
        </Class>
      </Classes>
    </Module>
  </Modules>
</CoverageSession>