<?xml version="1.0" encoding="utf-8"?>
<CoverageSession>
  <Summary numSequencePoints="156" visitedSequencePoints="49" numBranchPoints="34" visitedBranchPoints="11" sequenceCoverage="31.41" branchCoverage="32.35" maxCyclomaticComplexity="40" minCyclomaticComplexity="40" visitedClasses="1" numClasses="2" visitedMethods="10" numMethods="13" />
  <Modules>
    <Module hash="674AB72B-8442-4EC7-A2EF-48A44AEFFE58">
      <ModulePath>Coree.ProxyAutoConfiguration.Library.dll</ModulePath>
      <ModuleTime>2024-01-17T05:02:23</ModuleTime>
      <ModuleName>Coree.ProxyAutoConfiguration.Library</ModuleName>
      <Files>
        <File uid="1" fullPath="C:\Users\Valgrind\source\VCS\github.com\carsten-riedel\Coree.ProxyAutoConfiguration.Library\src\Coree.ProxyAutoConfiguration.Library\NLogConfig.cs" />
        <File uid="2" fullPath="C:\Users\Valgrind\source\VCS\github.com\carsten-riedel\Coree.ProxyAutoConfiguration.Library\src\Coree.ProxyAutoConfiguration.Library\ProxyAutoConfiguration.cs" />
      </Files>
      <Classes>
        <Class>
          <Summary numSequencePoints="42" visitedSequencePoints="0" numBranchPoints="0" visitedBranchPoints="0" sequenceCoverage="0" branchCoverage="100" maxCyclomaticComplexity="1" minCyclomaticComplexity="1" visitedClasses="0" numClasses="1" visitedMethods="0" numMethods="1" />
          <FullName>Coree.ProxyAutoConfiguration.Library.NLogConfig</FullName>
          <Methods>
            <Method cyclomaticComplexity="1" nPathComplexity="1" sequenceCoverage="0" branchCoverage="100" isConstructor="True" isGetter="False" isSetter="False" isStatic="True">
              <Summary numSequencePoints="42" visitedSequencePoints="0" numBranchPoints="0" visitedBranchPoints="0" sequenceCoverage="0" branchCoverage="100" maxCyclomaticComplexity="1" minCyclomaticComplexity="1" visitedClasses="0" numClasses="0" visitedMethods="0" numMethods="1" />
              <MetadataToken />
              <Name>System.Void Coree.ProxyAutoConfiguration.Library.NLogConfig::.cctor()</Name>
              <FileRef uid="1" />
              <SequencePoints>
                <SequencePoint vc="0" uspid="17" ordinal="0" sl="17" sc="1" el="17" ec="2" bec="0" bev="0" fileid="1" />
                <SequencePoint vc="0" uspid="18" ordinal="1" sl="18" sc="1" el="18" ec="2" bec="0" bev="0" fileid="1" />
                <SequencePoint vc="0" uspid="19" ordinal="2" sl="19" sc="1" el="19" ec="2" bec="0" bev="0" fileid="1" />
                <SequencePoint vc="0" uspid="20" ordinal="3" sl="20" sc="1" el="20" ec="2" bec="0" bev="0" fileid="1" />
                <SequencePoint vc="0" uspid="21" ordinal="4" sl="21" sc="1" el="21" ec="2" bec="0" bev="0" fileid="1" />
                <SequencePoint vc="0" uspid="22" ordinal="5" sl="22" sc="1" el="22" ec="2" bec="0" bev="0" fileid="1" />
                <SequencePoint vc="0" uspid="23" ordinal="6" sl="23" sc="1" el="23" ec="2" bec="0" bev="0" fileid="1" />
                <SequencePoint vc="0" uspid="24" ordinal="7" sl="24" sc="1" el="24" ec="2" bec="0" bev="0" fileid="1" />
                <SequencePoint vc="0" uspid="25" ordinal="8" sl="25" sc="1" el="25" ec="2" bec="0" bev="0" fileid="1" />
                <SequencePoint vc="0" uspid="26" ordinal="9" sl="26" sc="1" el="26" ec="2" bec="0" bev="0" fileid="1" />
                <SequencePoint vc="0" uspid="27" ordinal="10" sl="27" sc="1" el="27" ec="2" bec="0" bev="0" fileid="1" />
                <SequencePoint vc="0" uspid="28" ordinal="11" sl="28" sc="1" el="28" ec="2" bec="0" bev="0" fileid="1" />
                <SequencePoint vc="0" uspid="29" ordinal="12" sl="29" sc="1" el="29" ec="2" bec="0" bev="0" fileid="1" />
                <SequencePoint vc="0" uspid="30" ordinal="13" sl="30" sc="1" el="30" ec="2" bec="0" bev="0" fileid="1" />
                <SequencePoint vc="0" uspid="31" ordinal="14" sl="31" sc="1" el="31" ec="2" bec="0" bev="0" fileid="1" />
                <SequencePoint vc="0" uspid="32" ordinal="15" sl="32" sc="1" el="32" ec="2" bec="0" bev="0" fileid="1" />
                <SequencePoint vc="0" uspid="33" ordinal="16" sl="33" sc="1" el="33" ec="2" bec="0" bev="0" fileid="1" />
                <SequencePoint vc="0" uspid="34" ordinal="17" sl="34" sc="1" el="34" ec="2" bec="0" bev="0" fileid="1" />
                <SequencePoint vc="0" uspid="35" ordinal="18" sl="35" sc="1" el="35" ec="2" bec="0" bev="0" fileid="1" />
                <SequencePoint vc="0" uspid="36" ordinal="19" sl="36" sc="1" el="36" ec="2" bec="0" bev="0" fileid="1" />
                <SequencePoint vc="0" uspid="37" ordinal="20" sl="37" sc="1" el="37" ec="2" bec="0" bev="0" fileid="1" />
                <SequencePoint vc="0" uspid="38" ordinal="21" sl="38" sc="1" el="38" ec="2" bec="0" bev="0" fileid="1" />
                <SequencePoint vc="0" uspid="39" ordinal="22" sl="39" sc="1" el="39" ec="2" bec="0" bev="0" fileid="1" />
                <SequencePoint vc="0" uspid="40" ordinal="23" sl="40" sc="1" el="40" ec="2" bec="0" bev="0" fileid="1" />
                <SequencePoint vc="0" uspid="41" ordinal="24" sl="41" sc="1" el="41" ec="2" bec="0" bev="0" fileid="1" />
                <SequencePoint vc="0" uspid="42" ordinal="25" sl="42" sc="1" el="42" ec="2" bec="0" bev="0" fileid="1" />
                <SequencePoint vc="0" uspid="43" ordinal="26" sl="43" sc="1" el="43" ec="2" bec="0" bev="0" fileid="1" />
                <SequencePoint vc="0" uspid="44" ordinal="27" sl="44" sc="1" el="44" ec="2" bec="0" bev="0" fileid="1" />
                <SequencePoint vc="0" uspid="45" ordinal="28" sl="45" sc="1" el="45" ec="2" bec="0" bev="0" fileid="1" />
                <SequencePoint vc="0" uspid="46" ordinal="29" sl="46" sc="1" el="46" ec="2" bec="0" bev="0" fileid="1" />
                <SequencePoint vc="0" uspid="47" ordinal="30" sl="47" sc="1" el="47" ec="2" bec="0" bev="0" fileid="1" />
                <SequencePoint vc="0" uspid="48" ordinal="31" sl="48" sc="1" el="48" ec="2" bec="0" bev="0" fileid="1" />
                <SequencePoint vc="0" uspid="49" ordinal="32" sl="49" sc="1" el="49" ec="2" bec="0" bev="0" fileid="1" />
                <SequencePoint vc="0" uspid="50" ordinal="33" sl="50" sc="1" el="50" ec="2" bec="0" bev="0" fileid="1" />
                <SequencePoint vc="0" uspid="51" ordinal="34" sl="51" sc="1" el="51" ec="2" bec="0" bev="0" fileid="1" />
                <SequencePoint vc="0" uspid="52" ordinal="35" sl="52" sc="1" el="52" ec="2" bec="0" bev="0" fileid="1" />
                <SequencePoint vc="0" uspid="53" ordinal="36" sl="53" sc="1" el="53" ec="2" bec="0" bev="0" fileid="1" />
                <SequencePoint vc="0" uspid="54" ordinal="37" sl="54" sc="1" el="54" ec="2" bec="0" bev="0" fileid="1" />
                <SequencePoint vc="0" uspid="55" ordinal="38" sl="55" sc="1" el="55" ec="2" bec="0" bev="0" fileid="1" />
                <SequencePoint vc="0" uspid="56" ordinal="39" sl="56" sc="1" el="56" ec="2" bec="0" bev="0" fileid="1" />
                <SequencePoint vc="0" uspid="57" ordinal="40" sl="57" sc="1" el="57" ec="2" bec="0" bev="0" fileid="1" />
                <SequencePoint vc="0" uspid="58" ordinal="41" sl="58" sc="1" el="58" ec="2" bec="0" bev="0" fileid="1" />
              </SequencePoints>
              <BranchPoints />
              <MethodPoint vc="0" uspid="0" p8:type="SequencePoint" ordinal="0" offset="0" sc="0" sl="17" ec="1" el="58" bec="0" bev="0" fileid="1" xmlns:p8="xsi" />
            </Method>
          </Methods>
        </Class>
        <Class>
          <Summary numSequencePoints="114" visitedSequencePoints="49" numBranchPoints="34" visitedBranchPoints="11" sequenceCoverage="42.98" branchCoverage="32.35" maxCyclomaticComplexity="8" minCyclomaticComplexity="1" visitedClasses="1" numClasses="1" visitedMethods="10" numMethods="12" />
          <FullName>Coree.ProxyAutoConfiguration.Library.ProxyAutoConfiguration</FullName>
          <Methods>
            <Method cyclomaticComplexity="6" nPathComplexity="6" sequenceCoverage="77.77" branchCoverage="66.66" isConstructor="False" isGetter="False" isSetter="False" isStatic="True">
              <Summary numSequencePoints="18" visitedSequencePoints="14" numBranchPoints="6" visitedBranchPoints="4" sequenceCoverage="77.77" branchCoverage="66.66" maxCyclomaticComplexity="6" minCyclomaticComplexity="6" visitedClasses="0" numClasses="0" visitedMethods="1" numMethods="1" />
              <MetadataToken />
              <Name>System.String Coree.ProxyAutoConfiguration.Library.ProxyAutoConfiguration::GetPacUrlFromRegistry()</Name>
              <FileRef uid="2" />
              <SequencePoints>
                <SequencePoint vc="1" uspid="318" ordinal="0" sl="318" sc="1" el="318" ec="2" bec="0" bev="0" fileid="2" />
                <SequencePoint vc="1" uspid="319" ordinal="1" sl="319" sc="1" el="319" ec="2" bec="2" bev="1" fileid="2" />
                <SequencePoint vc="1" uspid="320" ordinal="2" sl="320" sc="1" el="320" ec="2" bec="0" bev="0" fileid="2" />
                <SequencePoint vc="1" uspid="321" ordinal="3" sl="321" sc="1" el="321" ec="2" bec="0" bev="0" fileid="2" />
                <SequencePoint vc="1" uspid="322" ordinal="4" sl="322" sc="1" el="322" ec="2" bec="0" bev="0" fileid="2" />
                <SequencePoint vc="1" uspid="323" ordinal="5" sl="323" sc="1" el="323" ec="2" bec="0" bev="0" fileid="2" />
                <SequencePoint vc="1" uspid="324" ordinal="6" sl="324" sc="1" el="324" ec="2" bec="2" bev="2" fileid="2" />
                <SequencePoint vc="1" uspid="325" ordinal="7" sl="325" sc="1" el="325" ec="2" bec="0" bev="0" fileid="2" />
                <SequencePoint vc="1" uspid="326" ordinal="8" sl="326" sc="1" el="326" ec="2" bec="0" bev="0" fileid="2" />
                <SequencePoint vc="1" uspid="327" ordinal="9" sl="327" sc="1" el="327" ec="2" bec="2" bev="1" fileid="2" />
                <SequencePoint vc="0" uspid="328" ordinal="10" sl="328" sc="1" el="328" ec="2" bec="0" bev="0" fileid="2" />
                <SequencePoint vc="0" uspid="329" ordinal="11" sl="329" sc="1" el="329" ec="2" bec="0" bev="0" fileid="2" />
                <SequencePoint vc="1" uspid="331" ordinal="12" sl="331" sc="1" el="331" ec="2" bec="0" bev="0" fileid="2" />
                <SequencePoint vc="1" uspid="332" ordinal="13" sl="332" sc="1" el="332" ec="2" bec="0" bev="0" fileid="2" />
                <SequencePoint vc="1" uspid="333" ordinal="14" sl="333" sc="1" el="333" ec="2" bec="0" bev="0" fileid="2" />
                <SequencePoint vc="0" uspid="336" ordinal="15" sl="336" sc="1" el="336" ec="2" bec="0" bev="0" fileid="2" />
                <SequencePoint vc="0" uspid="337" ordinal="16" sl="337" sc="1" el="337" ec="2" bec="0" bev="0" fileid="2" />
                <SequencePoint vc="1" uspid="339" ordinal="17" sl="339" sc="1" el="339" ec="2" bec="0" bev="0" fileid="2" />
              </SequencePoints>
              <BranchPoints>
                <BranchPoint vc="1" uspid="319" ordinal="0" path="0" offset="13" offsetend="15" sl="319" fileid="2" />
                <BranchPoint vc="1" uspid="324" ordinal="2" path="0" offset="41" offsetend="43" sl="324" fileid="2" />
                <BranchPoint vc="0" uspid="327" ordinal="4" path="0" offset="66" offsetend="68" sl="327" fileid="2" />
                <BranchPoint vc="1" uspid="327" ordinal="5" path="1" offset="66" offsetend="80" sl="327" fileid="2" />
                <BranchPoint vc="1" uspid="324" ordinal="3" path="1" offset="41" offsetend="81" sl="324" fileid="2" />
                <BranchPoint vc="0" uspid="319" ordinal="1" path="1" offset="13" offsetend="100" sl="319" fileid="2" />
              </BranchPoints>
              <MethodPoint vc="14" uspid="0" p8:type="SequencePoint" ordinal="0" offset="0" sc="0" sl="318" ec="1" el="339" bec="0" bev="0" fileid="2" xmlns:p8="xsi" />
            </Method>
            <Method cyclomaticComplexity="2" nPathComplexity="2" sequenceCoverage="33.33" branchCoverage="50" isConstructor="False" isGetter="False" isSetter="False" isStatic="True">
              <Summary numSequencePoints="15" visitedSequencePoints="5" numBranchPoints="2" visitedBranchPoints="1" sequenceCoverage="33.33" branchCoverage="50" maxCyclomaticComplexity="2" minCyclomaticComplexity="2" visitedClasses="0" numClasses="0" visitedMethods="1" numMethods="1" />
              <MetadataToken />
              <Name>System.String Coree.ProxyAutoConfiguration.Library.ProxyAutoConfiguration::ReadPacFileSync(System.String)</Name>
              <FileRef uid="2" />
              <SequencePoints>
                <SequencePoint vc="1" uspid="342" ordinal="0" sl="342" sc="1" el="342" ec="2" bec="0" bev="0" fileid="2" />
                <SequencePoint vc="1" uspid="343" ordinal="1" sl="343" sc="1" el="343" ec="2" bec="2" bev="1" fileid="2" />
                <SequencePoint vc="0" uspid="344" ordinal="2" sl="344" sc="1" el="344" ec="2" bec="0" bev="0" fileid="2" />
                <SequencePoint vc="0" uspid="345" ordinal="3" sl="345" sc="1" el="345" ec="2" bec="0" bev="0" fileid="2" />
                <SequencePoint vc="0" uspid="346" ordinal="4" sl="346" sc="1" el="346" ec="2" bec="0" bev="0" fileid="2" />
                <SequencePoint vc="0" uspid="348" ordinal="5" sl="348" sc="1" el="348" ec="2" bec="0" bev="0" fileid="2" />
                <SequencePoint vc="0" uspid="349" ordinal="6" sl="349" sc="1" el="349" ec="2" bec="0" bev="0" fileid="2" />
                <SequencePoint vc="0" uspid="350" ordinal="7" sl="350" sc="1" el="350" ec="2" bec="0" bev="0" fileid="2" />
                <SequencePoint vc="0" uspid="351" ordinal="8" sl="351" sc="1" el="351" ec="2" bec="0" bev="0" fileid="2" />
                <SequencePoint vc="0" uspid="353" ordinal="9" sl="353" sc="1" el="353" ec="2" bec="0" bev="0" fileid="2" />
                <SequencePoint vc="0" uspid="354" ordinal="10" sl="354" sc="1" el="354" ec="2" bec="0" bev="0" fileid="2" />
                <SequencePoint vc="0" uspid="356" ordinal="11" sl="356" sc="1" el="356" ec="2" bec="0" bev="0" fileid="2" />
                <SequencePoint vc="1" uspid="361" ordinal="12" sl="361" sc="1" el="361" ec="2" bec="0" bev="0" fileid="2" />
                <SequencePoint vc="1" uspid="362" ordinal="13" sl="362" sc="1" el="362" ec="2" bec="0" bev="0" fileid="2" />
                <SequencePoint vc="1" uspid="364" ordinal="14" sl="364" sc="1" el="364" ec="2" bec="0" bev="0" fileid="2" />
              </SequencePoints>
              <BranchPoints>
                <BranchPoint vc="0" uspid="343" ordinal="0" path="0" offset="7" offsetend="9" sl="343" fileid="2" />
                <BranchPoint vc="1" uspid="343" ordinal="1" path="1" offset="7" offsetend="74" sl="343" fileid="2" />
              </BranchPoints>
              <MethodPoint vc="5" uspid="0" p8:type="SequencePoint" ordinal="1" offset="1" sc="0" sl="342" ec="1" el="364" bec="0" bev="0" fileid="2" xmlns:p8="xsi" />
            </Method>
            <Method cyclomaticComplexity="6" nPathComplexity="6" sequenceCoverage="44.44" branchCoverage="33.33" isConstructor="False" isGetter="False" isSetter="False" isStatic="True">
              <Summary numSequencePoints="18" visitedSequencePoints="8" numBranchPoints="6" visitedBranchPoints="2" sequenceCoverage="44.44" branchCoverage="33.33" maxCyclomaticComplexity="6" minCyclomaticComplexity="6" visitedClasses="0" numClasses="0" visitedMethods="1" numMethods="1" />
              <MetadataToken />
              <Name>System.String Coree.ProxyAutoConfiguration.Library.ProxyAutoConfiguration::JintInvokeScriptFunctionFindProxyForURL(System.String,System.String)</Name>
              <FileRef uid="2" />
              <SequencePoints>
                <SequencePoint vc="1" uspid="367" ordinal="0" sl="367" sc="1" el="367" ec="2" bec="0" bev="0" fileid="2" />
                <SequencePoint vc="1" uspid="369" ordinal="1" sl="369" sc="1" el="369" ec="2" bec="2" bev="1" fileid="2" />
                <SequencePoint vc="0" uspid="370" ordinal="2" sl="370" sc="1" el="370" ec="2" bec="0" bev="0" fileid="2" />
                <SequencePoint vc="0" uspid="371" ordinal="3" sl="371" sc="1" el="371" ec="2" bec="0" bev="0" fileid="2" />
                <SequencePoint vc="1" uspid="373" ordinal="4" sl="373" sc="1" el="373" ec="2" bec="0" bev="0" fileid="2" />
                <SequencePoint vc="1" uspid="374" ordinal="5" sl="374" sc="1" el="374" ec="2" bec="0" bev="0" fileid="2" />
                <SequencePoint vc="1" uspid="376" ordinal="6" sl="376" sc="1" el="376" ec="2" bec="0" bev="0" fileid="2" />
                <SequencePoint vc="1" uspid="378" ordinal="7" sl="378" sc="1" el="378" ec="2" bec="2" bev="1" fileid="2" />
                <SequencePoint vc="0" uspid="379" ordinal="8" sl="379" sc="1" el="379" ec="2" bec="0" bev="0" fileid="2" />
                <SequencePoint vc="0" uspid="380" ordinal="9" sl="380" sc="1" el="380" ec="2" bec="0" bev="0" fileid="2" />
                <SequencePoint vc="0" uspid="381" ordinal="10" sl="381" sc="1" el="381" ec="2" bec="0" bev="0" fileid="2" />
                <SequencePoint vc="0" uspid="383" ordinal="11" sl="383" sc="1" el="383" ec="2" bec="0" bev="0" fileid="2" />
                <SequencePoint vc="0" uspid="385" ordinal="12" sl="385" sc="1" el="385" ec="2" bec="2" bev="0" fileid="2" />
                <SequencePoint vc="0" uspid="386" ordinal="13" sl="386" sc="1" el="386" ec="2" bec="0" bev="0" fileid="2" />
                <SequencePoint vc="0" uspid="387" ordinal="14" sl="387" sc="1" el="387" ec="2" bec="0" bev="0" fileid="2" />
                <SequencePoint vc="0" uspid="389" ordinal="15" sl="389" sc="1" el="389" ec="2" bec="0" bev="0" fileid="2" />
                <SequencePoint vc="1" uspid="391" ordinal="16" sl="391" sc="1" el="391" ec="2" bec="0" bev="0" fileid="2" />
                <SequencePoint vc="1" uspid="392" ordinal="17" sl="392" sc="1" el="392" ec="2" bec="0" bev="0" fileid="2" />
              </SequencePoints>
              <BranchPoints>
                <BranchPoint vc="0" uspid="369" ordinal="0" path="0" offset="7" offsetend="9" sl="369" fileid="2" />
                <BranchPoint vc="1" uspid="369" ordinal="1" path="1" offset="7" offsetend="17" sl="369" fileid="2" />
                <BranchPoint vc="0" uspid="378" ordinal="2" path="0" offset="56" offsetend="58" sl="378" fileid="2" />
                <BranchPoint vc="0" uspid="385" ordinal="4" path="0" offset="128" offsetend="130" sl="385" fileid="2" />
                <BranchPoint vc="0" uspid="385" ordinal="5" path="1" offset="128" offsetend="141" sl="385" fileid="2" />
                <BranchPoint vc="1" uspid="378" ordinal="3" path="1" offset="56" offsetend="142" sl="378" fileid="2" />
              </BranchPoints>
              <MethodPoint vc="8" uspid="0" p8:type="SequencePoint" ordinal="2" offset="2" sc="0" sl="367" ec="1" el="392" bec="0" bev="0" fileid="2" xmlns:p8="xsi" />
            </Method>
            <Method cyclomaticComplexity="8" nPathComplexity="8" sequenceCoverage="25" branchCoverage="12.5" isConstructor="False" isGetter="False" isSetter="False" isStatic="True">
              <Summary numSequencePoints="20" visitedSequencePoints="5" numBranchPoints="8" visitedBranchPoints="1" sequenceCoverage="25" branchCoverage="12.5" maxCyclomaticComplexity="8" minCyclomaticComplexity="8" visitedClasses="0" numClasses="0" visitedMethods="1" numMethods="1" />
              <MetadataToken />
              <Name>System.Collections.Generic.List`1&lt;System.String&gt; Coree.ProxyAutoConfiguration.Library.ProxyAutoConfiguration::ParseProxyStrings(System.String)</Name>
              <FileRef uid="2" />
              <SequencePoints>
                <SequencePoint vc="1" uspid="396" ordinal="0" sl="396" sc="1" el="396" ec="2" bec="0" bev="0" fileid="2" />
                <SequencePoint vc="1" uspid="397" ordinal="1" sl="397" sc="1" el="397" ec="2" bec="2" bev="1" fileid="2" />
                <SequencePoint vc="1" uspid="398" ordinal="2" sl="398" sc="1" el="398" ec="2" bec="0" bev="0" fileid="2" />
                <SequencePoint vc="1" uspid="399" ordinal="3" sl="399" sc="1" el="399" ec="2" bec="0" bev="0" fileid="2" />
                <SequencePoint vc="0" uspid="402" ordinal="4" sl="402" sc="1" el="402" ec="2" bec="0" bev="0" fileid="2" />
                <SequencePoint vc="0" uspid="403" ordinal="5" sl="403" sc="1" el="403" ec="2" bec="0" bev="0" fileid="2" />
                <SequencePoint vc="0" uspid="405" ordinal="6" sl="405" sc="1" el="405" ec="2" bec="2" bev="0" fileid="2" />
                <SequencePoint vc="0" uspid="406" ordinal="7" sl="406" sc="1" el="406" ec="2" bec="0" bev="0" fileid="2" />
                <SequencePoint vc="0" uspid="407" ordinal="8" sl="407" sc="1" el="407" ec="2" bec="0" bev="0" fileid="2" />
                <SequencePoint vc="0" uspid="408" ordinal="9" sl="408" sc="1" el="408" ec="2" bec="2" bev="0" fileid="2" />
                <SequencePoint vc="0" uspid="409" ordinal="10" sl="409" sc="1" el="409" ec="2" bec="0" bev="0" fileid="2" />
                <SequencePoint vc="0" uspid="410" ordinal="11" sl="410" sc="1" el="410" ec="2" bec="0" bev="0" fileid="2" />
                <SequencePoint vc="0" uspid="411" ordinal="12" sl="411" sc="1" el="411" ec="2" bec="0" bev="0" fileid="2" />
                <SequencePoint vc="0" uspid="412" ordinal="13" sl="412" sc="1" el="412" ec="2" bec="2" bev="0" fileid="2" />
                <SequencePoint vc="0" uspid="413" ordinal="14" sl="413" sc="1" el="413" ec="2" bec="0" bev="0" fileid="2" />
                <SequencePoint vc="0" uspid="414" ordinal="15" sl="414" sc="1" el="414" ec="2" bec="0" bev="0" fileid="2" />
                <SequencePoint vc="0" uspid="415" ordinal="16" sl="415" sc="1" el="415" ec="2" bec="0" bev="0" fileid="2" />
                <SequencePoint vc="0" uspid="416" ordinal="17" sl="416" sc="1" el="416" ec="2" bec="0" bev="0" fileid="2" />
                <SequencePoint vc="0" uspid="418" ordinal="18" sl="418" sc="1" el="418" ec="2" bec="0" bev="0" fileid="2" />
                <SequencePoint vc="1" uspid="419" ordinal="19" sl="419" sc="1" el="419" ec="2" bec="0" bev="0" fileid="2" />
              </SequencePoints>
              <BranchPoints>
                <BranchPoint vc="1" uspid="397" ordinal="0" path="0" offset="7" offsetend="9" sl="397" fileid="2" />
                <BranchPoint vc="0" uspid="397" ordinal="1" path="1" offset="7" offsetend="21" sl="397" fileid="2" />
                <BranchPoint vc="0" uspid="405" ordinal="7" path="1" offset="151" offsetend="46" sl="405" fileid="2" />
                <BranchPoint vc="0" uspid="408" ordinal="2" path="0" offset="79" offsetend="81" sl="408" fileid="2" />
                <BranchPoint vc="0" uspid="408" ordinal="3" path="1" offset="79" offsetend="105" sl="408" fileid="2" />
                <BranchPoint vc="0" uspid="412" ordinal="4" path="0" offset="122" offsetend="124" sl="412" fileid="2" />
                <BranchPoint vc="0" uspid="412" ordinal="5" path="1" offset="122" offsetend="138" sl="412" fileid="2" />
                <BranchPoint vc="0" uspid="405" ordinal="6" path="0" offset="151" offsetend="153" sl="405" fileid="2" />
              </BranchPoints>
              <MethodPoint vc="5" uspid="0" p8:type="SequencePoint" ordinal="3" offset="3" sc="0" sl="396" ec="1" el="419" bec="0" bev="0" fileid="2" xmlns:p8="xsi" />
            </Method>
            <Method cyclomaticComplexity="1" nPathComplexity="1" sequenceCoverage="100" branchCoverage="100" isConstructor="False" isGetter="True" isSetter="False" isStatic="True">
              <Summary numSequencePoints="1" visitedSequencePoints="1" numBranchPoints="0" visitedBranchPoints="0" sequenceCoverage="100" branchCoverage="100" maxCyclomaticComplexity="1" minCyclomaticComplexity="1" visitedClasses="0" numClasses="0" visitedMethods="1" numMethods="1" />
              <MetadataToken />
              <Name>System.String Coree.ProxyAutoConfiguration.Library.ProxyAutoConfiguration::get_AutoConfigURL()</Name>
              <FileRef uid="2" />
              <SequencePoints>
                <SequencePoint vc="2" uspid="421" ordinal="0" sl="421" sc="1" el="421" ec="2" bec="0" bev="0" fileid="2" />
              </SequencePoints>
              <BranchPoints />
              <MethodPoint vc="1" uspid="0" p8:type="SequencePoint" ordinal="4" offset="4" sc="0" sl="421" ec="1" el="421" bec="0" bev="0" fileid="2" xmlns:p8="xsi" />
            </Method>
            <Method cyclomaticComplexity="1" nPathComplexity="1" sequenceCoverage="100" branchCoverage="100" isConstructor="False" isGetter="True" isSetter="False" isStatic="True">
              <Summary numSequencePoints="1" visitedSequencePoints="1" numBranchPoints="0" visitedBranchPoints="0" sequenceCoverage="100" branchCoverage="100" maxCyclomaticComplexity="1" minCyclomaticComplexity="1" visitedClasses="0" numClasses="0" visitedMethods="1" numMethods="1" />
              <MetadataToken />
              <Name>System.String Coree.ProxyAutoConfiguration.Library.ProxyAutoConfiguration::get_PacFileContent()</Name>
              <FileRef uid="2" />
              <SequencePoints>
                <SequencePoint vc="2" uspid="422" ordinal="0" sl="422" sc="1" el="422" ec="2" bec="0" bev="0" fileid="2" />
              </SequencePoints>
              <BranchPoints />
              <MethodPoint vc="1" uspid="0" p8:type="SequencePoint" ordinal="5" offset="5" sc="0" sl="422" ec="1" el="422" bec="0" bev="0" fileid="2" xmlns:p8="xsi" />
            </Method>
            <Method cyclomaticComplexity="1" nPathComplexity="1" sequenceCoverage="100" branchCoverage="100" isConstructor="False" isGetter="True" isSetter="False" isStatic="True">
              <Summary numSequencePoints="1" visitedSequencePoints="1" numBranchPoints="0" visitedBranchPoints="0" sequenceCoverage="100" branchCoverage="100" maxCyclomaticComplexity="1" minCyclomaticComplexity="1" visitedClasses="0" numClasses="0" visitedMethods="1" numMethods="1" />
              <MetadataToken />
              <Name>System.String Coree.ProxyAutoConfiguration.Library.ProxyAutoConfiguration::get_FindProxyForURLResult()</Name>
              <FileRef uid="2" />
              <SequencePoints>
                <SequencePoint vc="2" uspid="423" ordinal="0" sl="423" sc="1" el="423" ec="2" bec="0" bev="0" fileid="2" />
              </SequencePoints>
              <BranchPoints />
              <MethodPoint vc="1" uspid="0" p8:type="SequencePoint" ordinal="6" offset="6" sc="0" sl="423" ec="1" el="423" bec="0" bev="0" fileid="2" xmlns:p8="xsi" />
            </Method>
            <Method cyclomaticComplexity="1" nPathComplexity="1" sequenceCoverage="100" branchCoverage="100" isConstructor="False" isGetter="True" isSetter="False" isStatic="True">
              <Summary numSequencePoints="1" visitedSequencePoints="1" numBranchPoints="0" visitedBranchPoints="0" sequenceCoverage="100" branchCoverage="100" maxCyclomaticComplexity="1" minCyclomaticComplexity="1" visitedClasses="0" numClasses="0" visitedMethods="1" numMethods="1" />
              <MetadataToken />
              <Name>System.String Coree.ProxyAutoConfiguration.Library.ProxyAutoConfiguration::get_FullJavaScript()</Name>
              <FileRef uid="2" />
              <SequencePoints>
                <SequencePoint vc="2" uspid="424" ordinal="0" sl="424" sc="1" el="424" ec="2" bec="0" bev="0" fileid="2" />
              </SequencePoints>
              <BranchPoints />
              <MethodPoint vc="1" uspid="0" p8:type="SequencePoint" ordinal="7" offset="7" sc="0" sl="424" ec="1" el="424" bec="0" bev="0" fileid="2" xmlns:p8="xsi" />
            </Method>
            <Method cyclomaticComplexity="2" nPathComplexity="2" sequenceCoverage="0" branchCoverage="0" isConstructor="False" isGetter="False" isSetter="False" isStatic="True">
              <Summary numSequencePoints="9" visitedSequencePoints="0" numBranchPoints="2" visitedBranchPoints="0" sequenceCoverage="0" branchCoverage="0" maxCyclomaticComplexity="2" minCyclomaticComplexity="2" visitedClasses="0" numClasses="0" visitedMethods="0" numMethods="1" />
              <MetadataToken />
              <Name>System.String Coree.ProxyAutoConfiguration.Library.ProxyAutoConfiguration::Resolve(System.String)</Name>
              <FileRef uid="2" />
              <SequencePoints>
                <SequencePoint vc="0" uspid="457" ordinal="0" sl="457" sc="1" el="457" ec="2" bec="0" bev="0" fileid="2" />
                <SequencePoint vc="0" uspid="459" ordinal="1" sl="459" sc="1" el="459" ec="2" bec="0" bev="0" fileid="2" />
                <SequencePoint vc="0" uspid="461" ordinal="2" sl="461" sc="1" el="461" ec="2" bec="0" bev="0" fileid="2" />
                <SequencePoint vc="0" uspid="463" ordinal="3" sl="463" sc="1" el="463" ec="2" bec="2" bev="0" fileid="2" />
                <SequencePoint vc="0" uspid="464" ordinal="4" sl="464" sc="1" el="464" ec="2" bec="0" bev="0" fileid="2" />
                <SequencePoint vc="0" uspid="465" ordinal="5" sl="465" sc="1" el="465" ec="2" bec="0" bev="0" fileid="2" />
                <SequencePoint vc="0" uspid="468" ordinal="6" sl="468" sc="1" el="468" ec="2" bec="0" bev="0" fileid="2" />
                <SequencePoint vc="0" uspid="469" ordinal="7" sl="469" sc="1" el="469" ec="2" bec="0" bev="0" fileid="2" />
                <SequencePoint vc="0" uspid="471" ordinal="8" sl="471" sc="1" el="471" ec="2" bec="0" bev="0" fileid="2" />
              </SequencePoints>
              <BranchPoints>
                <BranchPoint vc="0" uspid="463" ordinal="0" path="0" offset="42" offsetend="44" sl="463" fileid="2" />
                <BranchPoint vc="0" uspid="463" ordinal="1" path="1" offset="42" offsetend="54" sl="463" fileid="2" />
              </BranchPoints>
              <MethodPoint vc="0" uspid="0" p8:type="SequencePoint" ordinal="8" offset="8" sc="0" sl="457" ec="1" el="471" bec="0" bev="0" fileid="2" xmlns:p8="xsi" />
            </Method>
            <Method cyclomaticComplexity="2" nPathComplexity="2" sequenceCoverage="0" branchCoverage="0" isConstructor="False" isGetter="False" isSetter="False" isStatic="True">
              <Summary numSequencePoints="8" visitedSequencePoints="0" numBranchPoints="2" visitedBranchPoints="0" sequenceCoverage="0" branchCoverage="0" maxCyclomaticComplexity="2" minCyclomaticComplexity="2" visitedClasses="0" numClasses="0" visitedMethods="0" numMethods="1" />
              <MetadataToken />
              <Name>System.Void Coree.ProxyAutoConfiguration.Library.ProxyAutoConfiguration::Set(System.String)</Name>
              <FileRef uid="2" />
              <SequencePoints>
                <SequencePoint vc="0" uspid="474" ordinal="0" sl="474" sc="1" el="474" ec="2" bec="0" bev="0" fileid="2" />
                <SequencePoint vc="0" uspid="475" ordinal="1" sl="475" sc="1" el="475" ec="2" bec="0" bev="0" fileid="2" />
                <SequencePoint vc="0" uspid="476" ordinal="2" sl="476" sc="1" el="476" ec="2" bec="2" bev="0" fileid="2" />
                <SequencePoint vc="0" uspid="477" ordinal="3" sl="477" sc="1" el="477" ec="2" bec="0" bev="0" fileid="2" />
                <SequencePoint vc="0" uspid="478" ordinal="4" sl="478" sc="1" el="478" ec="2" bec="0" bev="0" fileid="2" />
                <SequencePoint vc="0" uspid="479" ordinal="5" sl="479" sc="1" el="479" ec="2" bec="0" bev="0" fileid="2" />
                <SequencePoint vc="0" uspid="480" ordinal="6" sl="480" sc="1" el="480" ec="2" bec="0" bev="0" fileid="2" />
                <SequencePoint vc="0" uspid="481" ordinal="7" sl="481" sc="1" el="481" ec="2" bec="0" bev="0" fileid="2" />
              </SequencePoints>
              <BranchPoints>
                <BranchPoint vc="0" uspid="476" ordinal="0" path="0" offset="15" offsetend="17" sl="476" fileid="2" />
                <BranchPoint vc="0" uspid="476" ordinal="1" path="1" offset="15" offsetend="45" sl="476" fileid="2" />
              </BranchPoints>
              <MethodPoint vc="0" uspid="0" p8:type="SequencePoint" ordinal="9" offset="9" sc="0" sl="474" ec="1" el="481" bec="0" bev="0" fileid="2" xmlns:p8="xsi" />
            </Method>
            <Method cyclomaticComplexity="8" nPathComplexity="8" sequenceCoverage="57.14" branchCoverage="37.5" isConstructor="True" isGetter="False" isSetter="False" isStatic="True">
              <Summary numSequencePoints="21" visitedSequencePoints="12" numBranchPoints="8" visitedBranchPoints="3" sequenceCoverage="57.14" branchCoverage="37.5" maxCyclomaticComplexity="8" minCyclomaticComplexity="8" visitedClasses="0" numClasses="0" visitedMethods="1" numMethods="1" />
              <MetadataToken />
              <Name>System.Void Coree.ProxyAutoConfiguration.Library.ProxyAutoConfiguration::.ctor()</Name>
              <FileRef uid="2" />
              <SequencePoints>
                <SequencePoint vc="1" uspid="426" ordinal="0" sl="426" sc="1" el="426" ec="2" bec="0" bev="0" fileid="2" />
                <SequencePoint vc="1" uspid="427" ordinal="1" sl="427" sc="1" el="427" ec="2" bec="0" bev="0" fileid="2" />
                <SequencePoint vc="1" uspid="428" ordinal="2" sl="428" sc="1" el="428" ec="2" bec="0" bev="0" fileid="2" />
                <SequencePoint vc="1" uspid="431" ordinal="3" sl="431" sc="1" el="431" ec="2" bec="2" bev="1" fileid="2" />
                <SequencePoint vc="0" uspid="432" ordinal="4" sl="432" sc="1" el="432" ec="2" bec="0" bev="0" fileid="2" />
                <SequencePoint vc="0" uspid="433" ordinal="5" sl="433" sc="1" el="433" ec="2" bec="0" bev="0" fileid="2" />
                <SequencePoint vc="1" uspid="435" ordinal="6" sl="435" sc="1" el="435" ec="2" bec="0" bev="0" fileid="2" />
                <SequencePoint vc="1" uspid="436" ordinal="7" sl="436" sc="1" el="436" ec="2" bec="0" bev="0" fileid="2" />
                <SequencePoint vc="1" uspid="438" ordinal="8" sl="438" sc="1" el="438" ec="2" bec="0" bev="0" fileid="2" />
                <SequencePoint vc="1" uspid="440" ordinal="9" sl="440" sc="1" el="440" ec="2" bec="0" bev="0" fileid="2" />
                <SequencePoint vc="1" uspid="442" ordinal="10" sl="442" sc="1" el="442" ec="2" bec="0" bev="0" fileid="2" />
                <SequencePoint vc="3" uspid="444" ordinal="11" sl="444" sc="1" el="444" ec="2" bec="2" bev="1" fileid="2" />
                <SequencePoint vc="0" uspid="445" ordinal="12" sl="445" sc="1" el="445" ec="2" bec="0" bev="0" fileid="2" />
                <SequencePoint vc="0" uspid="446" ordinal="13" sl="446" sc="1" el="446" ec="2" bec="2" bev="0" fileid="2" />
                <SequencePoint vc="0" uspid="447" ordinal="14" sl="447" sc="1" el="447" ec="2" bec="0" bev="0" fileid="2" />
                <SequencePoint vc="1" uspid="449" ordinal="15" sl="449" sc="1" el="449" ec="2" bec="2" bev="1" fileid="2" />
                <SequencePoint vc="0" uspid="450" ordinal="16" sl="450" sc="1" el="450" ec="2" bec="0" bev="0" fileid="2" />
                <SequencePoint vc="0" uspid="451" ordinal="17" sl="451" sc="1" el="451" ec="2" bec="0" bev="0" fileid="2" />
                <SequencePoint vc="0" uspid="452" ordinal="18" sl="452" sc="1" el="452" ec="2" bec="0" bev="0" fileid="2" />
                <SequencePoint vc="0" uspid="453" ordinal="19" sl="453" sc="1" el="453" ec="2" bec="0" bev="0" fileid="2" />
                <SequencePoint vc="1" uspid="454" ordinal="20" sl="454" sc="1" el="454" ec="2" bec="0" bev="0" fileid="2" />
              </SequencePoints>
              <BranchPoints>
                <BranchPoint vc="0" uspid="431" ordinal="0" path="0" offset="39" offsetend="41" sl="431" fileid="2" />
                <BranchPoint vc="1" uspid="431" ordinal="1" path="1" offset="39" offsetend="48" sl="431" fileid="2" />
                <BranchPoint vc="0" uspid="444" ordinal="5" path="1" offset="188" offsetend="155" sl="444" fileid="2" />
                <BranchPoint vc="0" uspid="446" ordinal="2" path="0" offset="166" offsetend="168" sl="446" fileid="2" />
                <BranchPoint vc="0" uspid="446" ordinal="3" path="1" offset="166" offsetend="174" sl="446" fileid="2" />
                <BranchPoint vc="1" uspid="444" ordinal="4" path="0" offset="188" offsetend="190" sl="444" fileid="2" />
                <BranchPoint vc="0" uspid="449" ordinal="6" path="0" offset="217" offsetend="219" sl="449" fileid="2" />
                <BranchPoint vc="1" uspid="449" ordinal="7" path="1" offset="217" offsetend="257" sl="449" fileid="2" />
              </BranchPoints>
              <MethodPoint vc="12" uspid="0" p8:type="SequencePoint" ordinal="10" offset="10" sc="0" sl="426" ec="1" el="454" bec="0" bev="0" fileid="2" xmlns:p8="xsi" />
            </Method>
            <Method cyclomaticComplexity="1" nPathComplexity="1" sequenceCoverage="100" branchCoverage="100" isConstructor="True" isGetter="False" isSetter="False" isStatic="True">
              <Summary numSequencePoints="1" visitedSequencePoints="1" numBranchPoints="0" visitedBranchPoints="0" sequenceCoverage="100" branchCoverage="100" maxCyclomaticComplexity="1" minCyclomaticComplexity="1" visitedClasses="0" numClasses="0" visitedMethods="1" numMethods="1" />
              <MetadataToken />
              <Name>System.Void Coree.ProxyAutoConfiguration.Library.ProxyAutoConfiguration::.cctor()</Name>
              <FileRef uid="2" />
              <SequencePoints>
                <SequencePoint vc="1" uspid="18" ordinal="0" sl="18" sc="1" el="18" ec="2" bec="0" bev="0" fileid="2" />
              </SequencePoints>
              <BranchPoints />
              <MethodPoint vc="1" uspid="0" p8:type="SequencePoint" ordinal="11" offset="11" sc="0" sl="18" ec="1" el="18" bec="0" bev="0" fileid="2" xmlns:p8="xsi" />
            </Method>
          </Methods>
        </Class>
      </Classes>
    </Module>
  </Modules>
</CoverageSession>